[33m[01m[05m[ You are changing the branch: lab4 ][0m
Autotest: Begin at Sun May  8 09:29:02 CST 2022
Begin build at Sun May  8 09:29:02 CST 2022
Cleanning the project.................

for d in boot drivers init lib mm user;	\
	do					\
		make --directory=$d clean; \
	done; \
rm -rf *.o *~ gxemul/vmlinux
make[1]: Entering directory '/usr/src/workdir/boot'
rm -rf *~ *.o
make[1]: Leaving directory '/usr/src/workdir/boot'
make[1]: Entering directory '/usr/src/workdir/drivers'
for d in gxconsole; \
	do				\
		make --directory=$d clean; \
	done
make[2]: Entering directory '/usr/src/workdir/drivers/gxconsole'
rm -rf *.o *~
make[2]: Leaving directory '/usr/src/workdir/drivers/gxconsole'
make[1]: Leaving directory '/usr/src/workdir/drivers'
make[1]: Entering directory '/usr/src/workdir/init'
rm -rf *~ *.o
make[1]: Leaving directory '/usr/src/workdir/init'
make[1]: Entering directory '/usr/src/workdir/lib'
rm -rf *~ *.o
make[1]: Leaving directory '/usr/src/workdir/lib'
make[1]: Entering directory '/usr/src/workdir/mm'
rm -rf *~ *.o
make[1]: Leaving directory '/usr/src/workdir/mm'
make[1]: Entering directory '/usr/src/workdir/user'
rm -rf *~ *.o *.b.c *.x *.b
make[1]: Leaving directory '/usr/src/workdir/user'

Building the project..................

make --directory=boot
make[1]: Entering directory '/usr/src/workdir/boot'
/OSLAB/compiler/usr/bin/mips_4KC-gcc -O -G 0 -mno-abicalls -fno-builtin -Wa,-xgot -Wall -fPIC -march=r3000 -I../include/ -c start.S 
make[1]: Leaving directory '/usr/src/workdir/boot'
make --directory=drivers
make[1]: Entering directory '/usr/src/workdir/drivers'
make --directory=gxconsole
make[2]: Entering directory '/usr/src/workdir/drivers/gxconsole'
/OSLAB/compiler/usr/bin/mips_4KC-gcc -O -G 0 -mno-abicalls -fno-builtin -Wa,-xgot -Wall -fPIC -march=r3000   -c -o console.o console.c
make[2]: Leaving directory '/usr/src/workdir/drivers/gxconsole'
make[1]: Leaving directory '/usr/src/workdir/drivers'
make --directory=init
make[1]: Entering directory '/usr/src/workdir/init'
/OSLAB/compiler/usr/bin/mips_4KC-gcc -O -G 0 -mno-abicalls -fno-builtin -Wa,-xgot -Wall -fPIC -march=r3000 -I../include -c init.c
/OSLAB/compiler/usr/bin/mips_4KC-gcc -O -G 0 -mno-abicalls -fno-builtin -Wa,-xgot -Wall -fPIC -march=r3000 -I../include -c main.c
/OSLAB/compiler/usr/bin/mips_4KC-gcc -O -G 0 -mno-abicalls -fno-builtin -Wa,-xgot -Wall -fPIC -march=r3000 -I../include -c code.c
/OSLAB/compiler/usr/bin/mips_4KC-gcc -O -G 0 -mno-abicalls -fno-builtin -Wa,-xgot -Wall -fPIC -march=r3000 -I../include -c check_icode.c
make[1]: Leaving directory '/usr/src/workdir/init'
make --directory=lib
make[1]: Entering directory '/usr/src/workdir/lib'
/OSLAB/compiler/usr/bin/mips_4KC-gcc -O -G 0 -mno-abicalls -fno-builtin -Wa,-xgot -Wall -fPIC -march=r3000 -I./ -I../ -I../include/ -c kernel_elfloader.c
/OSLAB/compiler/usr/bin/mips_4KC-gcc -O -G 0 -mno-abicalls -fno-builtin -Wa,-xgot -Wall -fPIC -march=r3000 -I./ -I../ -I../include/ -c env.c
env.c: In function 'env_alloc':
env.c:230: warning: unused variable 'r'
env.c: In function 'load_icode_mapper':
env.c:298: warning: passing argument 2 of 'bcopy' makes pointer from integer without a cast
env.c:310: warning: passing argument 2 of 'bcopy' makes pointer from integer without a cast
env.c: In function 'load_icode':
env.c:373: warning: unused variable 'perm'
env.c: In function 'env_run':
env.c:524: warning: passing argument 1 of 'lcontext' makes integer from pointer without a cast
env.c: In function 'load_icode_check':
env.c:620: warning: unused variable 'paddr'
/OSLAB/compiler/usr/bin/mips_4KC-gcc -O -G 0 -mno-abicalls -fno-builtin -Wa,-xgot -Wall -fPIC -march=r3000 -I./ -I../ -I../include/ -c print.c
/OSLAB/compiler/usr/bin/mips_4KC-gcc -O -G 0 -mno-abicalls -fno-builtin -Wa,-xgot -Wall -fPIC -march=r3000 -I./ -I../ -I../include/ -c printf.c
/OSLAB/compiler/usr/bin/mips_4KC-gcc -O -G 0 -mno-abicalls -fno-builtin -Wa,-xgot -Wall -fPIC -march=r3000 -I./ -I../ -I../include/ -c sched.c
/OSLAB/compiler/usr/bin/mips_4KC-gcc -O -G 0 -mno-abicalls -fno-builtin -Wa,-xgot -Wall -fPIC -march=r3000 -I./ -I../ -I../include/ -c env_asm.S
env_asm.S: Assembler messages:
env_asm.S:61: Warning: Used $at without ".set noat"
/OSLAB/compiler/usr/bin/mips_4KC-gcc -O -G 0 -mno-abicalls -fno-builtin -Wa,-xgot -Wall -fPIC -march=r3000 -I./ -I../ -I../include/ -c kclock.c
/OSLAB/compiler/usr/bin/mips_4KC-gcc -O -G 0 -mno-abicalls -fno-builtin -Wa,-xgot -Wall -fPIC -march=r3000 -I./ -I../ -I../include/ -c traps.c
/OSLAB/compiler/usr/bin/mips_4KC-gcc -O -G 0 -mno-abicalls -fno-builtin -Wa,-xgot -Wall -fPIC -march=r3000 -I./ -I../ -I../include/ -c genex.S
/OSLAB/compiler/usr/bin/mips_4KC-gcc -O -G 0 -mno-abicalls -fno-builtin -Wa,-xgot -Wall -fPIC -march=r3000 -I./ -I../ -I../include/ -c kclock_asm.S
/OSLAB/compiler/usr/bin/mips_4KC-gcc -O -G 0 -mno-abicalls -fno-builtin -Wa,-xgot -Wall -fPIC -march=r3000 -I./ -I../ -I../include/ -c syscall.S
syscall.S: Assembler messages:
syscall.S:9: Warning: Used $at without ".set noat"
/OSLAB/compiler/usr/bin/mips_4KC-gcc -O -G 0 -mno-abicalls -fno-builtin -Wa,-xgot -Wall -fPIC -march=r3000 -I./ -I../ -I../include/ -c syscall_all.c
syscall_all.c: In function 'sys_putchar':
syscall_all.c:19: warning: implicit declaration of function 'printcharc'
syscall_all.c: In function 'sys_set_pgfault_handler':
syscall_all.c:121: warning: unused variable 'ret'
syscall_all.c:120: warning: unused variable 'env'
syscall_all.c: In function 'sys_mem_map':
syscall_all.c:196: warning: suggest parentheses around comparison in operand of &
syscall_all.c:189: warning: unused variable 'ppte'
syscall_all.c: In function 'sys_env_alloc':
syscall_all.c:250: error: invalid application of 'sizeof' to incomplete type 'struct TrapFrame' 
syscall_all.c:251: error: invalid application of 'sizeof' to incomplete type 'struct TrapFrame' 
syscall_all.c: In function 'sys_set_env_status':
syscall_all.c:278: warning: unused variable 'ret'
syscall_all.c:277: warning: unused variable 'env'
make[1]: Leaving directory '/usr/src/workdir/lib'
make[1]: *** [Makefile:3: syscall_all.o] Error 1
make: *** [Makefile:34: lib] Error 2
Compile Error!
[31m[01m[ There is something wrong with your vmlinx. ][0m
[33m[01m[ You got 0 (of 100) this time. Sun May  8 09:29:04 CST 2022 ][0m
Autotest: End at Sun May  8 09:29:04 CST 2022
